This file contains any messages produced by compilers while
running configure, to aid debugging if configure makes a mistake.

It was created by Hello configure 1.0, which was
generated by GNU Autoconf 2.69.  Invocation command line was

  $ ./configure 

## --------- ##
## Platform. ##
## --------- ##

hostname = ASHES
uname -m = x86_64
uname -r = 3.16.6-2-desktop
uname -s = Linux
uname -v = #1 SMP PREEMPT Mon Oct 20 13:47:22 UTC 2014 (feb42ea)

/usr/bin/uname -p = x86_64
/bin/uname -X     = unknown

/bin/arch              = x86_64
/usr/bin/arch -k       = unknown
/usr/convex/getsysinfo = unknown
/usr/bin/hostinfo      = unknown
/bin/machine           = unknown
/usr/bin/oslevel       = unknown
/bin/universe          = unknown

PATH: /u01/app/oracle/product/11.2.0/xe/lib
PATH: /u01/app/oracle/product/11.2.0/xe/bin
PATH: /home/jstrebel/bin
PATH: /usr/local/bin
PATH: /usr/bin
PATH: /bin
PATH: /usr/bin/X11
PATH: /usr/games
PATH: /opt/kde3/bin
PATH: /usr/lib/mit/bin
PATH: /usr/lib/mit/sbin


## ----------- ##
## Core tests. ##
## ----------- ##

configure:2047: loading site script /usr/share/site/x86_64-unknown-linux-gnu
| #!/bin/sh
| # Site script for configure. It is resourced via $CONFIG_SITE environment varaible.
| 
| # If user did not specify libdir, guess the correct target:
| # Use lib64 for 64 bit bi-arch targets, keep the default for the rest.
| if test "$libdir" = '${exec_prefix}/lib' ; then
| 
| 	ac_config_site_64bit_host=NONE
| 
| 	case "$host" in
| 	"" )
| 		# User did not specify host target.
| 		# The native platform x86_64 is a bi-arch platform.
| 		# Try to detect cross-compilation to inferior architecture.
| 
| 		# We are trying to guess 32-bit target compilation. It's not as easy as
| 		# it sounds, as there is possible several intermediate combinations.
| 		ac_config_site_cross_to_32bit_host=NONE
| 
| 		# User defined -m32 in CFLAGS or CXXFLAGS:
| 		# (It's sufficient for 32-bit, but alone may cause mis-behavior of some checks.)
| 		case "$CFLAGS" in
| 		*-m32*)
| 			ac_config_site_cross_to_32bit_host=YES
| 			;;
| 		esac
| 		case "$CXXFLAGS" in
| 		*-m32*)
| 			ac_config_site_cross_to_32bit_host=YES
| 			;;
| 		esac
| 
| 		# Running with linux32:
| 		# (Changes detected platform, but not the toolchain target.)
| 		case "`/bin/uname -i`" in
| 		x86_64 | ppc64 | s390x )
| 			;;
| 		* )
| 			ac_config_site_cross_to_32bit_host=YES
| 			;;
| 		esac
| 
| 		if test "x$ac_config_site_cross_to_32bit_host" = xNONE; then
| 			ac_config_site_64bit_host=YES
| 		fi
| 
| 		;;
| 	*x86_64* | *ppc64* | *s390x* )
| 		ac_config_site_64bit_host=YES
| 		;;
| 	esac
| 
| 	if test "x$ac_config_site_64bit_host" = xYES; then
| 		libdir='${exec_prefix}/lib64'
| 	fi
| fi
| 
| # If user did not specify libexecdir, set the correct target:
| # Nor FHS nor openSUSE allow prefix/libexec. Let's default to prefix/lib.
| 
| if test "$libexecdir" = '${exec_prefix}/libexec' ; then
| 	libexecdir='${exec_prefix}/lib'
| fi
| 
| # Continue with the standard behavior of configure defined in AC_SITE_LOAD:
| if test "x$prefix" != xNONE; then
| 	ac_site_file1=$prefix/share/config.site
| 	ac_site_file2=$prefix/etc/config.site
| else
| 	ac_site_file1=$ac_default_prefix/share/config.site
| 	ac_site_file2=$ac_default_prefix/etc/config.site
| fi
| for ac_site_file in "$ac_site_file1" "$ac_site_file2"
| do
| 	test "x$ac_site_file" = xNONE && continue
| 	if test /dev/null != "$ac_site_file" && test -r "$ac_site_file"; then
| 		{ $as_echo "/usr/share/site/x86_64-unknown-linux-gnu:${as_lineno-$LINENO}: loading site script $ac_site_file" >&5
| $as_echo "/usr/share/site/x86_64-unknown-linux-gnu: loading site script $ac_site_file" >&6;}
| 		sed 's/^/| /' "$ac_site_file" >&5
| 		. "$ac_site_file" \
| 			|| { { $as_echo "/usr/share/site/x86_64-unknown-linux-gnu:${as_lineno-$LINENO}: error: in \`$ac_pwd':" >&5
| $as_echo "/usr/share/site/x86_64-unknown-linux-gnu: error: in \`$ac_pwd':" >&2;}
| as_fn_error $? "failed to load site script $ac_site_file
| See \`config.log' for more details" "$LINENO" 5; }
| 	fi
| done
configure:2190: checking for a BSD-compatible install
configure:2258: result: /usr/bin/install -c
configure:2269: checking whether build environment is sane
configure:2324: result: yes
configure:2362: WARNING: 'missing' script is too old or missing
configure:2475: checking for a thread-safe mkdir -p
configure:2514: result: /usr/bin/mkdir -p
configure:2521: checking for gawk
configure:2537: found /usr/bin/gawk
configure:2548: result: gawk
configure:2559: checking whether make sets $(MAKE)
configure:2581: result: yes
configure:2610: checking whether make supports nested variables
configure:2627: result: yes
configure:2761: checking for gcc
configure:2777: found /usr/bin/gcc
configure:2788: result: gcc
configure:3017: checking for C compiler version
configure:3026: gcc --version >&5
gcc (SUSE Linux) 4.8.3 20140627 [gcc-4_8-branch revision 212064]
Copyright (C) 2013 Free Software Foundation, Inc.
This is free software; see the source for copying conditions.  There is NO
warranty; not even for MERCHANTABILITY or FITNESS FOR A PARTICULAR PURPOSE.

configure:3037: $? = 0
configure:3026: gcc -v >&5
Using built-in specs.
COLLECT_GCC=gcc
COLLECT_LTO_WRAPPER=/usr/lib64/gcc/x86_64-suse-linux/4.8/lto-wrapper
Target: x86_64-suse-linux
Configured with: ../configure --prefix=/usr --infodir=/usr/share/info --mandir=/usr/share/man --libdir=/usr/lib64 --libexecdir=/usr/lib64 --enable-languages=c,c++,objc,fortran,obj-c++,java,ada --enable-checking=release --with-gxx-include-dir=/usr/include/c++/4.8 --enable-ssp --disable-libssp --disable-plugin --with-bugurl=http://bugs.opensuse.org/ --with-pkgversion='SUSE Linux' --disable-libgcj --disable-libmudflap --with-slibdir=/lib64 --with-system-zlib --enable-__cxa_atexit --enable-libstdcxx-allocator=new --disable-libstdcxx-pch --enable-version-specific-runtime-libs --enable-linker-build-id --enable-linux-futex --program-suffix=-4.8 --without-system-libunwind --with-arch-32=i586 --with-tune=generic --build=x86_64-suse-linux --host=x86_64-suse-linux
Thread model: posix
gcc version 4.8.3 20140627 [gcc-4_8-branch revision 212064] (SUSE Linux) 
configure:3037: $? = 0
configure:3026: gcc -V >&5
gcc: error: unrecognized command line option '-V'
gcc: fatal error: no input files
compilation terminated.
configure:3037: $? = 1
configure:3026: gcc -qversion >&5
gcc: error: unrecognized command line option '-qversion'
gcc: fatal error: no input files
compilation terminated.
configure:3037: $? = 1
configure:3057: checking whether the C compiler works
configure:3079: gcc    conftest.c  >&5
configure:3083: $? = 0
configure:3131: result: yes
configure:3134: checking for C compiler default output file name
configure:3136: result: a.out
configure:3142: checking for suffix of executables
configure:3149: gcc -o conftest    conftest.c  >&5
configure:3153: $? = 0
configure:3175: result: 
configure:3197: checking whether we are cross compiling
configure:3205: gcc -o conftest    conftest.c  >&5
configure:3209: $? = 0
configure:3216: ./conftest
configure:3220: $? = 0
configure:3235: result: no
configure:3240: checking for suffix of object files
configure:3262: gcc -c   conftest.c >&5
configure:3266: $? = 0
configure:3287: result: o
configure:3291: checking whether we are using the GNU C compiler
configure:3310: gcc -c   conftest.c >&5
configure:3310: $? = 0
configure:3319: result: yes
configure:3328: checking whether gcc accepts -g
configure:3348: gcc -c -g  conftest.c >&5
configure:3348: $? = 0
configure:3389: result: yes
configure:3406: checking for gcc option to accept ISO C89
configure:3469: gcc  -c -g -O2  conftest.c >&5
configure:3469: $? = 0
configure:3482: result: none needed
configure:3513: checking for style of include used by make
configure:3541: result: GNU
configure:3567: checking dependency style of gcc
configure:3678: result: gcc3
configure:3696: checking for sqrt in -lm
configure:3721: gcc -o conftest -g -O2   conftest.c -lm   >&5
conftest.c:18:6: warning: conflicting types for built-in function 'sqrt' [enabled by default]
 char sqrt ();
      ^
configure:3721: $? = 0
configure:3730: result: yes
configure:3748: checking how to run the C preprocessor
configure:3779: gcc -E  conftest.c
configure:3779: $? = 0
configure:3793: gcc -E  conftest.c
conftest.c:12:28: fatal error: ac_nonexistent.h: No such file or directory
 #include <ac_nonexistent.h>
                            ^
compilation terminated.
configure:3793: $? = 1
configure: failed program was:
| /* confdefs.h */
| #define PACKAGE_NAME "Hello"
| #define PACKAGE_TARNAME "hello"
| #define PACKAGE_VERSION "1.0"
| #define PACKAGE_STRING "Hello 1.0"
| #define PACKAGE_BUGREPORT "joerg.strebel@gmail.com"
| #define PACKAGE_URL ""
| #define PACKAGE "hello"
| #define VERSION "1.0"
| #define HAVE_LIBM 1
| /* end confdefs.h.  */
| #include <ac_nonexistent.h>
configure:3818: result: gcc -E
configure:3838: gcc -E  conftest.c
configure:3838: $? = 0
configure:3852: gcc -E  conftest.c
conftest.c:12:28: fatal error: ac_nonexistent.h: No such file or directory
 #include <ac_nonexistent.h>
                            ^
compilation terminated.
configure:3852: $? = 1
configure: failed program was:
| /* confdefs.h */
| #define PACKAGE_NAME "Hello"
| #define PACKAGE_TARNAME "hello"
| #define PACKAGE_VERSION "1.0"
| #define PACKAGE_STRING "Hello 1.0"
| #define PACKAGE_BUGREPORT "joerg.strebel@gmail.com"
| #define PACKAGE_URL ""
| #define PACKAGE "hello"
| #define VERSION "1.0"
| #define HAVE_LIBM 1
| /* end confdefs.h.  */
| #include <ac_nonexistent.h>
configure:3881: checking for grep that handles long lines and -e
configure:3939: result: /usr/bin/grep
configure:3944: checking for egrep
configure:4006: result: /usr/bin/grep -E
configure:4011: checking for ANSI C header files
configure:4031: gcc -c -g -O2  conftest.c >&5
configure:4031: $? = 0
configure:4104: gcc -o conftest -g -O2   conftest.c -lm  >&5
configure:4104: $? = 0
configure:4104: ./conftest
configure:4104: $? = 0
configure:4115: result: yes
configure:4128: checking for sys/types.h
configure:4128: gcc -c -g -O2  conftest.c >&5
configure:4128: $? = 0
configure:4128: result: yes
configure:4128: checking for sys/stat.h
configure:4128: gcc -c -g -O2  conftest.c >&5
configure:4128: $? = 0
configure:4128: result: yes
configure:4128: checking for stdlib.h
configure:4128: gcc -c -g -O2  conftest.c >&5
configure:4128: $? = 0
configure:4128: result: yes
configure:4128: checking for string.h
configure:4128: gcc -c -g -O2  conftest.c >&5
configure:4128: $? = 0
configure:4128: result: yes
configure:4128: checking for memory.h
configure:4128: gcc -c -g -O2  conftest.c >&5
configure:4128: $? = 0
configure:4128: result: yes
configure:4128: checking for strings.h
configure:4128: gcc -c -g -O2  conftest.c >&5
configure:4128: $? = 0
configure:4128: result: yes
configure:4128: checking for inttypes.h
configure:4128: gcc -c -g -O2  conftest.c >&5
configure:4128: $? = 0
configure:4128: result: yes
configure:4128: checking for stdint.h
configure:4128: gcc -c -g -O2  conftest.c >&5
configure:4128: $? = 0
configure:4128: result: yes
configure:4128: checking for unistd.h
configure:4128: gcc -c -g -O2  conftest.c >&5
configure:4128: $? = 0
configure:4128: result: yes
configure:4143: checking for stdlib.h
configure:4143: result: yes
configure:4143: checking for unistd.h
configure:4143: result: yes
configure:4143: checking math.h usability
configure:4143: gcc -c -g -O2  conftest.c >&5
configure:4143: $? = 0
configure:4143: result: yes
configure:4143: checking math.h presence
configure:4143: gcc -E  conftest.c
configure:4143: $? = 0
configure:4143: result: yes
configure:4143: checking for math.h
configure:4143: result: yes
configure:4159: checking for stdlib.h
configure:4159: result: yes
configure:4169: checking for GNU libc compatible malloc
configure:4193: gcc -o conftest -g -O2   conftest.c -lm  >&5
configure:4193: $? = 0
configure:4193: ./conftest
configure:4193: $? = 0
configure:4203: result: yes
configure:4226: checking for sqrt
configure:4226: gcc -o conftest -g -O2   conftest.c -lm  >&5
conftest.c:50:6: warning: conflicting types for built-in function 'sqrt' [enabled by default]
 char sqrt ();
      ^
configure:4226: $? = 0
configure:4226: result: yes
configure:4382: checking that generated files are newer than configure
configure:4388: result: done
configure:4411: creating ./config.status

## ---------------------- ##
## Running config.status. ##
## ---------------------- ##

This file was extended by Hello config.status 1.0, which was
generated by GNU Autoconf 2.69.  Invocation command line was

  CONFIG_FILES    = 
  CONFIG_HEADERS  = 
  CONFIG_LINKS    = 
  CONFIG_COMMANDS = 
  $ ./config.status 

on ASHES

config.status:781: creating Makefile
config.status:781: creating src/Makefile
config.status:781: creating doc/Makefile
config.status:781: creating man/Makefile
config.status:781: creating script/Makefile
config.status:953: executing depfiles commands

## ---------------- ##
## Cache variables. ##
## ---------------- ##

ac_cv_c_compiler_gnu=yes
ac_cv_env_CC_set=
ac_cv_env_CC_value=
ac_cv_env_CFLAGS_set=
ac_cv_env_CFLAGS_value=
ac_cv_env_CPPFLAGS_set=
ac_cv_env_CPPFLAGS_value=
ac_cv_env_CPP_set=
ac_cv_env_CPP_value=
ac_cv_env_LDFLAGS_set=
ac_cv_env_LDFLAGS_value=
ac_cv_env_LIBS_set=
ac_cv_env_LIBS_value=
ac_cv_env_build_alias_set=
ac_cv_env_build_alias_value=
ac_cv_env_host_alias_set=
ac_cv_env_host_alias_value=
ac_cv_env_target_alias_set=
ac_cv_env_target_alias_value=
ac_cv_func_malloc_0_nonnull=yes
ac_cv_func_sqrt=yes
ac_cv_header_inttypes_h=yes
ac_cv_header_math_h=yes
ac_cv_header_memory_h=yes
ac_cv_header_stdc=yes
ac_cv_header_stdint_h=yes
ac_cv_header_stdlib_h=yes
ac_cv_header_string_h=yes
ac_cv_header_strings_h=yes
ac_cv_header_sys_stat_h=yes
ac_cv_header_sys_types_h=yes
ac_cv_header_unistd_h=yes
ac_cv_lib_m_sqrt=yes
ac_cv_objext=o
ac_cv_path_EGREP='/usr/bin/grep -E'
ac_cv_path_GREP=/usr/bin/grep
ac_cv_path_install='/usr/bin/install -c'
ac_cv_path_mkdir=/usr/bin/mkdir
ac_cv_prog_AWK=gawk
ac_cv_prog_CPP='gcc -E'
ac_cv_prog_ac_ct_CC=gcc
ac_cv_prog_cc_c89=
ac_cv_prog_cc_g=yes
ac_cv_prog_make_make_set=yes
am_cv_CC_dependencies_compiler_type=gcc3
am_cv_make_support_nested_variables=yes

## ----------------- ##
## Output variables. ##
## ----------------- ##

ACLOCAL='aclocal-1.13'
AMDEPBACKSLASH='\'
AMDEP_FALSE='#'
AMDEP_TRUE=''
AMTAR='$${TAR-tar}'
AM_BACKSLASH='\'
AM_DEFAULT_V='$(AM_DEFAULT_VERBOSITY)'
AM_DEFAULT_VERBOSITY='1'
AM_V='$(V)'
AUTOCONF='autoconf'
AUTOHEADER='autoheader'
AUTOMAKE='automake-1.13'
AWK='gawk'
CC='gcc'
CCDEPMODE='depmode=gcc3'
CFLAGS='-g -O2'
CPP='gcc -E'
CPPFLAGS=''
CYGPATH_W='echo'
DEFS='-DPACKAGE_NAME=\"Hello\" -DPACKAGE_TARNAME=\"hello\" -DPACKAGE_VERSION=\"1.0\" -DPACKAGE_STRING=\"Hello\ 1.0\" -DPACKAGE_BUGREPORT=\"joerg.strebel@gmail.com\" -DPACKAGE_URL=\"\" -DPACKAGE=\"hello\" -DVERSION=\"1.0\" -DHAVE_LIBM=1 -DSTDC_HEADERS=1 -DHAVE_SYS_TYPES_H=1 -DHAVE_SYS_STAT_H=1 -DHAVE_STDLIB_H=1 -DHAVE_STRING_H=1 -DHAVE_MEMORY_H=1 -DHAVE_STRINGS_H=1 -DHAVE_INTTYPES_H=1 -DHAVE_STDINT_H=1 -DHAVE_UNISTD_H=1 -DHAVE_STDLIB_H=1 -DHAVE_UNISTD_H=1 -DHAVE_MATH_H=1 -DHAVE_STDLIB_H=1 -DHAVE_MALLOC=1 -DHAVE_SQRT=1'
DEPDIR='.deps'
ECHO_C=''
ECHO_N='-n'
ECHO_T=''
EGREP='/usr/bin/grep -E'
EXEEXT=''
GREP='/usr/bin/grep'
INSTALL_DATA='${INSTALL} -m 644'
INSTALL_PROGRAM='${INSTALL}'
INSTALL_SCRIPT='${INSTALL}'
INSTALL_STRIP_PROGRAM='$(install_sh) -c -s'
LDFLAGS=''
LIBOBJS=''
LIBS='-lm '
LTLIBOBJS=''
MAKEINFO='makeinfo'
MKDIR_P='/usr/bin/mkdir -p'
OBJEXT='o'
PACKAGE='hello'
PACKAGE_BUGREPORT='joerg.strebel@gmail.com'
PACKAGE_NAME='Hello'
PACKAGE_STRING='Hello 1.0'
PACKAGE_TARNAME='hello'
PACKAGE_URL=''
PACKAGE_VERSION='1.0'
PATH_SEPARATOR=':'
SET_MAKE=''
SHELL='/bin/sh'
STRIP=''
VERSION='1.0'
ac_ct_CC='gcc'
am__EXEEXT_FALSE=''
am__EXEEXT_TRUE='#'
am__fastdepCC_FALSE='#'
am__fastdepCC_TRUE=''
am__include='include'
am__isrc=''
am__leading_dot='.'
am__nodep='_no'
am__quote=''
am__tar='$${TAR-tar} chof - "$$tardir"'
am__untar='$${TAR-tar} xf -'
bindir='${exec_prefix}/bin'
build_alias=''
datadir='${datarootdir}'
datarootdir='${prefix}/share'
docdir='${datarootdir}/doc/${PACKAGE_TARNAME}'
dvidir='${docdir}'
exec_prefix='${prefix}'
host_alias=''
htmldir='${docdir}'
includedir='${prefix}/include'
infodir='${datarootdir}/info'
install_sh='${SHELL} /home/jstrebel/devel/hellofuck/install-sh'
libdir='${exec_prefix}/lib64'
libexecdir='${exec_prefix}/lib'
localedir='${datarootdir}/locale'
localstatedir='${prefix}/var'
mandir='${datarootdir}/man'
mkdir_p='$(MKDIR_P)'
oldincludedir='/usr/include'
pdfdir='${docdir}'
prefix='/usr/local'
program_transform_name='s,x,x,'
psdir='${docdir}'
sbindir='${exec_prefix}/sbin'
sharedstatedir='${prefix}/com'
sysconfdir='${prefix}/etc'
target_alias=''

## ----------- ##
## confdefs.h. ##
## ----------- ##

/* confdefs.h */
#define PACKAGE_NAME "Hello"
#define PACKAGE_TARNAME "hello"
#define PACKAGE_VERSION "1.0"
#define PACKAGE_STRING "Hello 1.0"
#define PACKAGE_BUGREPORT "joerg.strebel@gmail.com"
#define PACKAGE_URL ""
#define PACKAGE "hello"
#define VERSION "1.0"
#define HAVE_LIBM 1
#define STDC_HEADERS 1
#define HAVE_SYS_TYPES_H 1
#define HAVE_SYS_STAT_H 1
#define HAVE_STDLIB_H 1
#define HAVE_STRING_H 1
#define HAVE_MEMORY_H 1
#define HAVE_STRINGS_H 1
#define HAVE_INTTYPES_H 1
#define HAVE_STDINT_H 1
#define HAVE_UNISTD_H 1
#define HAVE_STDLIB_H 1
#define HAVE_UNISTD_H 1
#define HAVE_MATH_H 1
#define HAVE_STDLIB_H 1
#define HAVE_MALLOC 1
#define HAVE_SQRT 1

configure: exit 0

## ---------------------- ##
## Running config.status. ##
## ---------------------- ##

This file was extended by Hello config.status 1.0, which was
generated by GNU Autoconf 2.69.  Invocation command line was

  CONFIG_FILES    = 
  CONFIG_HEADERS  = 
  CONFIG_LINKS    = 
  CONFIG_COMMANDS = 
  $ ./config.status 

on ASHES

config.status:781: creating Makefile
config.status:781: creating src/Makefile
config.status:781: creating doc/Makefile
config.status:781: creating man/Makefile
config.status:781: creating script/Makefile
config.status:953: executing depfiles commands
